<?xml version="1.0"?>
<!DOCTYPE coverage SYSTEM "http://cobertura.sourceforge.net/xml/coverage-04.dtd">

<coverage line-rate="0.8448275862068966" branch-rate="0.7441860465116279" lines-covered="392" lines-valid="464" branches-covered="64" branches-valid="86" complexity="1.3962264150943395" version="2.1.1" timestamp="1525287673562">
	<sources>
		<source>/Users/jeansullivan/Downloads/petclinic/src/main/java</source>
		<source>--source</source>
	</sources>
	<packages>
		<package name="org.springframework.samples.petclinic" line-rate="0.0" branch-rate="1.0" complexity="1.0">
			<classes>
				<class name="org.springframework.samples.petclinic.PetclinicInitializer" filename="org/springframework/samples/petclinic/PetclinicInitializer.java" line-rate="0.0" branch-rate="1.0" complexity="1.0">
					<methods>
						<method name="&lt;init&gt;" signature="()V" line-rate="0.0" branch-rate="1.0" complexity="0">
							<lines>
								<line number="39" hits="0" branch="false"/>
							</lines>
						</method>
						<method name="createRootApplicationContext" signature="()Lorg/springframework/web/context/WebApplicationContext;" line-rate="0.0" branch-rate="1.0" complexity="0">
							<lines>
								<line number="56" hits="0" branch="false"/>
								<line number="57" hits="0" branch="false"/>
								<line number="58" hits="0" branch="false"/>
								<line number="59" hits="0" branch="false"/>
							</lines>
						</method>
						<method name="createServletApplicationContext" signature="()Lorg/springframework/web/context/WebApplicationContext;" line-rate="0.0" branch-rate="1.0" complexity="0">
							<lines>
								<line number="64" hits="0" branch="false"/>
								<line number="65" hits="0" branch="false"/>
								<line number="66" hits="0" branch="false"/>
							</lines>
						</method>
						<method name="getServletFilters" signature="()[Ljavax/servlet/Filter;" line-rate="0.0" branch-rate="1.0" complexity="0">
							<lines>
								<line number="77" hits="0" branch="false"/>
								<line number="78" hits="0" branch="false"/>
							</lines>
						</method>
						<method name="getServletMappings" signature="()[Ljava/lang/String;" line-rate="0.0" branch-rate="1.0" complexity="0">
							<lines>
								<line number="71" hits="0" branch="false"/>
							</lines>
						</method>
					</methods>
					<lines>
						<line number="39" hits="0" branch="false"/>
						<line number="56" hits="0" branch="false"/>
						<line number="57" hits="0" branch="false"/>
						<line number="58" hits="0" branch="false"/>
						<line number="59" hits="0" branch="false"/>
						<line number="64" hits="0" branch="false"/>
						<line number="65" hits="0" branch="false"/>
						<line number="66" hits="0" branch="false"/>
						<line number="71" hits="0" branch="false"/>
						<line number="77" hits="0" branch="false"/>
						<line number="78" hits="0" branch="false"/>
					</lines>
				</class>
			</classes>
		</package>
		<package name="org.springframework.samples.petclinic.model" line-rate="0.7870370370370371" branch-rate="0.6111111111111112" complexity="1.1956521739130435">
			<classes>
				<class name="org.springframework.samples.petclinic.model.BaseEntity" filename="org/springframework/samples/petclinic/model/BaseEntity.java" line-rate="1.0" branch-rate="1.0" complexity="1.0">
					<methods>
						<method name="&lt;init&gt;" signature="()V" line-rate="1.0" branch-rate="1.0" complexity="0">
							<lines>
								<line number="30" hits="372" branch="false"/>
							</lines>
						</method>
						<method name="getId" signature="()Ljava/lang/Integer;" line-rate="1.0" branch-rate="1.0" complexity="0">
							<lines>
								<line number="36" hits="179" branch="false"/>
							</lines>
						</method>
						<method name="isNew" signature="()Z" line-rate="1.0" branch-rate="1.0" complexity="0">
							<lines>
								<line number="44" hits="15" branch="true" condition-coverage="100% (2/2)">
									<conditions>
										<condition number="0" type="jump" coverage="100%"/>
									</conditions>
								</line>
							</lines>
						</method>
						<method name="setId" signature="(Ljava/lang/Integer;)V" line-rate="1.0" branch-rate="1.0" complexity="0">
							<lines>
								<line number="40" hits="194" branch="false"/>
								<line number="41" hits="194" branch="false"/>
							</lines>
						</method>
					</methods>
					<lines>
						<line number="30" hits="372" branch="false"/>
						<line number="36" hits="179" branch="false"/>
						<line number="40" hits="194" branch="false"/>
						<line number="41" hits="194" branch="false"/>
						<line number="44" hits="15" branch="true" condition-coverage="100% (2/2)">
							<conditions>
								<condition number="0" type="jump" coverage="100%"/>
							</conditions>
						</line>
					</lines>
				</class>
				<class name="org.springframework.samples.petclinic.model.NamedEntity" filename="org/springframework/samples/petclinic/model/NamedEntity.java" line-rate="0.8" branch-rate="1.0" complexity="1.0">
					<methods>
						<method name="&lt;init&gt;" signature="()V" line-rate="1.0" branch-rate="1.0" complexity="0">
							<lines>
								<line number="30" hits="218" branch="false"/>
							</lines>
						</method>
						<method name="getName" signature="()Ljava/lang/String;" line-rate="1.0" branch-rate="1.0" complexity="0">
							<lines>
								<line number="36" hits="105" branch="false"/>
							</lines>
						</method>
						<method name="setName" signature="(Ljava/lang/String;)V" line-rate="1.0" branch-rate="1.0" complexity="0">
							<lines>
								<line number="40" hits="138" branch="false"/>
								<line number="41" hits="138" branch="false"/>
							</lines>
						</method>
						<method name="toString" signature="()Ljava/lang/String;" line-rate="0.0" branch-rate="1.0" complexity="0">
							<lines>
								<line number="45" hits="0" branch="false"/>
							</lines>
						</method>
					</methods>
					<lines>
						<line number="30" hits="218" branch="false"/>
						<line number="36" hits="105" branch="false"/>
						<line number="40" hits="138" branch="false"/>
						<line number="41" hits="138" branch="false"/>
						<line number="45" hits="0" branch="false"/>
					</lines>
				</class>
				<class name="org.springframework.samples.petclinic.model.Owner" filename="org/springframework/samples/petclinic/model/Owner.java" line-rate="0.55" branch-rate="0.3" complexity="1.4615384615384615">
					<methods>
						<method name="&lt;init&gt;" signature="()V" line-rate="1.0" branch-rate="1.0" complexity="0">
							<lines>
								<line number="46" hits="63" branch="false"/>
							</lines>
						</method>
						<method name="addPet" signature="(Lorg/springframework/samples/petclinic/model/Pet;)V" line-rate="1.0" branch-rate="1.0" complexity="0">
							<lines>
								<line number="106" hits="26" branch="false"/>
								<line number="107" hits="26" branch="false"/>
								<line number="108" hits="26" branch="false"/>
							</lines>
						</method>
						<method name="getAddress" signature="()Ljava/lang/String;" line-rate="1.0" branch-rate="1.0" complexity="0">
							<lines>
								<line number="65" hits="9" branch="false"/>
							</lines>
						</method>
						<method name="getCity" signature="()Ljava/lang/String;" line-rate="1.0" branch-rate="1.0" complexity="0">
							<lines>
								<line number="73" hits="11" branch="false"/>
							</lines>
						</method>
						<method name="getPet" signature="(Ljava/lang/String;)Lorg/springframework/samples/petclinic/model/Pet;" line-rate="0.0" branch-rate="1.0" complexity="0">
							<lines>
								<line number="117" hits="0" branch="false"/>
							</lines>
						</method>
						<method name="getPet" signature="(Ljava/lang/String;Z)Lorg/springframework/samples/petclinic/model/Pet;" line-rate="0.3333333333333333" branch-rate="0.125" complexity="0">
							<lines>
								<line number="127" hits="1" branch="false"/>
								<line number="128" hits="1" branch="true" condition-coverage="50% (1/2)">
									<conditions>
										<condition number="0" type="jump" coverage="50%"/>
									</conditions>
								</line>
								<line number="129" hits="0" branch="true" condition-coverage="0% (0/4)">
									<conditions>
										<condition number="0" type="jump" coverage="0%"/>
										<condition number="1" type="jump" coverage="0%"/>
									</conditions>
								</line>
								<line number="130" hits="0" branch="false"/>
								<line number="131" hits="0" branch="false"/>
								<line number="132" hits="0" branch="true" condition-coverage="0% (0/2)">
									<conditions>
										<condition number="0" type="jump" coverage="0%"/>
									</conditions>
								</line>
								<line number="133" hits="0" branch="false"/>
								<line number="136" hits="0" branch="false"/>
								<line number="137" hits="1" branch="false"/>
							</lines>
						</method>
						<method name="getPets" signature="()Ljava/util/List;" line-rate="1.0" branch-rate="1.0" complexity="0">
							<lines>
								<line number="100" hits="23" branch="false"/>
								<line number="101" hits="23" branch="false"/>
								<line number="102" hits="23" branch="false"/>
							</lines>
						</method>
						<method name="getPetsInternal" signature="()Ljava/util/Set;" line-rate="1.0" branch-rate="1.0" complexity="0">
							<lines>
								<line number="89" hits="50" branch="true" condition-coverage="100% (2/2)">
									<conditions>
										<condition number="0" type="jump" coverage="100%"/>
									</conditions>
								</line>
								<line number="90" hits="15" branch="false"/>
								<line number="92" hits="50" branch="false"/>
							</lines>
						</method>
						<method name="getTelephone" signature="()Ljava/lang/String;" line-rate="1.0" branch-rate="1.0" complexity="0">
							<lines>
								<line number="81" hits="9" branch="false"/>
							</lines>
						</method>
						<method name="setAddress" signature="(Ljava/lang/String;)V" line-rate="1.0" branch-rate="1.0" complexity="0">
							<lines>
								<line number="69" hits="29" branch="false"/>
								<line number="70" hits="29" branch="false"/>
							</lines>
						</method>
						<method name="setCity" signature="(Ljava/lang/String;)V" line-rate="1.0" branch-rate="1.0" complexity="0">
							<lines>
								<line number="77" hits="31" branch="false"/>
								<line number="78" hits="31" branch="false"/>
							</lines>
						</method>
						<method name="setPetsInternal" signature="(Ljava/util/Set;)V" line-rate="0.0" branch-rate="1.0" complexity="0">
							<lines>
								<line number="96" hits="0" branch="false"/>
								<line number="97" hits="0" branch="false"/>
							</lines>
						</method>
						<method name="setTelephone" signature="(Ljava/lang/String;)V" line-rate="1.0" branch-rate="1.0" complexity="0">
							<lines>
								<line number="85" hits="29" branch="false"/>
								<line number="86" hits="29" branch="false"/>
							</lines>
						</method>
						<method name="toString" signature="()Ljava/lang/String;" line-rate="0.0" branch-rate="1.0" complexity="0">
							<lines>
								<line number="142" hits="0" branch="false"/>
								<line number="144" hits="0" branch="false"/>
								<line number="145" hits="0" branch="false"/>
								<line number="146" hits="0" branch="false"/>
								<line number="147" hits="0" branch="false"/>
								<line number="148" hits="0" branch="false"/>
								<line number="149" hits="0" branch="false"/>
								<line number="150" hits="0" branch="false"/>
								<line number="151" hits="0" branch="false"/>
							</lines>
						</method>
					</methods>
					<lines>
						<line number="46" hits="63" branch="false"/>
						<line number="65" hits="9" branch="false"/>
						<line number="69" hits="29" branch="false"/>
						<line number="70" hits="29" branch="false"/>
						<line number="73" hits="11" branch="false"/>
						<line number="77" hits="31" branch="false"/>
						<line number="78" hits="31" branch="false"/>
						<line number="81" hits="9" branch="false"/>
						<line number="85" hits="29" branch="false"/>
						<line number="86" hits="29" branch="false"/>
						<line number="89" hits="50" branch="true" condition-coverage="100% (2/2)">
							<conditions>
								<condition number="0" type="jump" coverage="100%"/>
							</conditions>
						</line>
						<line number="90" hits="15" branch="false"/>
						<line number="92" hits="50" branch="false"/>
						<line number="96" hits="0" branch="false"/>
						<line number="97" hits="0" branch="false"/>
						<line number="100" hits="23" branch="false"/>
						<line number="101" hits="23" branch="false"/>
						<line number="102" hits="23" branch="false"/>
						<line number="106" hits="26" branch="false"/>
						<line number="107" hits="26" branch="false"/>
						<line number="108" hits="26" branch="false"/>
						<line number="117" hits="0" branch="false"/>
						<line number="127" hits="1" branch="false"/>
						<line number="128" hits="1" branch="true" condition-coverage="50% (1/2)">
							<conditions>
								<condition number="0" type="jump" coverage="50%"/>
							</conditions>
						</line>
						<line number="129" hits="0" branch="true" condition-coverage="0% (0/4)">
							<conditions>
								<condition number="0" type="jump" coverage="0%"/>
								<condition number="1" type="jump" coverage="0%"/>
							</conditions>
						</line>
						<line number="130" hits="0" branch="false"/>
						<line number="131" hits="0" branch="false"/>
						<line number="132" hits="0" branch="true" condition-coverage="0% (0/2)">
							<conditions>
								<condition number="0" type="jump" coverage="0%"/>
							</conditions>
						</line>
						<line number="133" hits="0" branch="false"/>
						<line number="136" hits="0" branch="false"/>
						<line number="137" hits="1" branch="false"/>
						<line number="142" hits="0" branch="false"/>
						<line number="144" hits="0" branch="false"/>
						<line number="145" hits="0" branch="false"/>
						<line number="146" hits="0" branch="false"/>
						<line number="147" hits="0" branch="false"/>
						<line number="148" hits="0" branch="false"/>
						<line number="149" hits="0" branch="false"/>
						<line number="150" hits="0" branch="false"/>
						<line number="151" hits="0" branch="false"/>
					</lines>
				</class>
				<class name="org.springframework.samples.petclinic.model.Person" filename="org/springframework/samples/petclinic/model/Person.java" line-rate="1.0" branch-rate="1.0" complexity="1.0">
					<methods>
						<method name="&lt;init&gt;" signature="()V" line-rate="1.0" branch-rate="1.0" complexity="0">
							<lines>
								<line number="29" hits="90" branch="false"/>
							</lines>
						</method>
						<method name="getFirstName" signature="()Ljava/lang/String;" line-rate="1.0" branch-rate="1.0" complexity="0">
							<lines>
								<line number="40" hits="22" branch="false"/>
							</lines>
						</method>
						<method name="getLastName" signature="()Ljava/lang/String;" line-rate="1.0" branch-rate="1.0" complexity="0">
							<lines>
								<line number="48" hits="41" branch="false"/>
							</lines>
						</method>
						<method name="setFirstName" signature="(Ljava/lang/String;)V" line-rate="1.0" branch-rate="1.0" complexity="0">
							<lines>
								<line number="44" hits="44" branch="false"/>
								<line number="45" hits="44" branch="false"/>
							</lines>
						</method>
						<method name="setLastName" signature="(Ljava/lang/String;)V" line-rate="1.0" branch-rate="1.0" complexity="0">
							<lines>
								<line number="52" hits="50" branch="false"/>
								<line number="53" hits="50" branch="false"/>
							</lines>
						</method>
					</methods>
					<lines>
						<line number="29" hits="90" branch="false"/>
						<line number="40" hits="22" branch="false"/>
						<line number="44" hits="44" branch="false"/>
						<line number="45" hits="44" branch="false"/>
						<line number="48" hits="41" branch="false"/>
						<line number="52" hits="50" branch="false"/>
						<line number="53" hits="50" branch="false"/>
					</lines>
				</class>
				<class name="org.springframework.samples.petclinic.model.Pet" filename="org/springframework/samples/petclinic/model/Pet.java" line-rate="0.9047619047619048" branch-rate="1.0" complexity="1.1">
					<methods>
						<method name="&lt;init&gt;" signature="()V" line-rate="1.0" branch-rate="1.0" complexity="0">
							<lines>
								<line number="49" hits="61" branch="false"/>
							</lines>
						</method>
						<method name="addVisit" signature="(Lorg/springframework/samples/petclinic/model/Visit;)V" line-rate="1.0" branch-rate="1.0" complexity="0">
							<lines>
								<line number="110" hits="36" branch="false"/>
								<line number="111" hits="36" branch="false"/>
								<line number="112" hits="36" branch="false"/>
							</lines>
						</method>
						<method name="getBirthDate" signature="()Ljava/util/Date;" line-rate="1.0" branch-rate="1.0" complexity="0">
							<lines>
								<line number="73" hits="11" branch="false"/>
							</lines>
						</method>
						<method name="getOwner" signature="()Lorg/springframework/samples/petclinic/model/Owner;" line-rate="1.0" branch-rate="1.0" complexity="0">
							<lines>
								<line number="85" hits="6" branch="false"/>
							</lines>
						</method>
						<method name="getType" signature="()Lorg/springframework/samples/petclinic/model/PetType;" line-rate="1.0" branch-rate="1.0" complexity="0">
							<lines>
								<line number="77" hits="17" branch="false"/>
							</lines>
						</method>
						<method name="getVisits" signature="()Ljava/util/List;" line-rate="1.0" branch-rate="1.0" complexity="0">
							<lines>
								<line number="104" hits="7" branch="false"/>
								<line number="105" hits="7" branch="false"/>
								<line number="106" hits="7" branch="false"/>
							</lines>
						</method>
						<method name="getVisitsInternal" signature="()Ljava/util/Set;" line-rate="1.0" branch-rate="1.0" complexity="0">
							<lines>
								<line number="93" hits="43" branch="true" condition-coverage="100% (2/2)">
									<conditions>
										<condition number="0" type="jump" coverage="100%"/>
									</conditions>
								</line>
								<line number="94" hits="18" branch="false"/>
								<line number="96" hits="43" branch="false"/>
							</lines>
						</method>
						<method name="setBirthDate" signature="(Ljava/util/Date;)V" line-rate="1.0" branch-rate="1.0" complexity="0">
							<lines>
								<line number="69" hits="28" branch="false"/>
								<line number="70" hits="28" branch="false"/>
							</lines>
						</method>
						<method name="setOwner" signature="(Lorg/springframework/samples/petclinic/model/Owner;)V" line-rate="1.0" branch-rate="1.0" complexity="0">
							<lines>
								<line number="89" hits="26" branch="false"/>
								<line number="90" hits="26" branch="false"/>
							</lines>
						</method>
						<method name="setType" signature="(Lorg/springframework/samples/petclinic/model/PetType;)V" line-rate="1.0" branch-rate="1.0" complexity="0">
							<lines>
								<line number="81" hits="25" branch="false"/>
								<line number="82" hits="25" branch="false"/>
							</lines>
						</method>
						<method name="setVisitsInternal" signature="(Ljava/util/Set;)V" line-rate="0.0" branch-rate="1.0" complexity="0">
							<lines>
								<line number="100" hits="0" branch="false"/>
								<line number="101" hits="0" branch="false"/>
							</lines>
						</method>
					</methods>
					<lines>
						<line number="49" hits="61" branch="false"/>
						<line number="69" hits="28" branch="false"/>
						<line number="70" hits="28" branch="false"/>
						<line number="73" hits="11" branch="false"/>
						<line number="77" hits="17" branch="false"/>
						<line number="81" hits="25" branch="false"/>
						<line number="82" hits="25" branch="false"/>
						<line number="85" hits="6" branch="false"/>
						<line number="89" hits="26" branch="false"/>
						<line number="90" hits="26" branch="false"/>
						<line number="93" hits="43" branch="true" condition-coverage="100% (2/2)">
							<conditions>
								<condition number="0" type="jump" coverage="100%"/>
							</conditions>
						</line>
						<line number="94" hits="18" branch="false"/>
						<line number="96" hits="43" branch="false"/>
						<line number="100" hits="0" branch="false"/>
						<line number="101" hits="0" branch="false"/>
						<line number="104" hits="7" branch="false"/>
						<line number="105" hits="7" branch="false"/>
						<line number="106" hits="7" branch="false"/>
						<line number="110" hits="36" branch="false"/>
						<line number="111" hits="36" branch="false"/>
						<line number="112" hits="36" branch="false"/>
					</lines>
				</class>
				<class name="org.springframework.samples.petclinic.model.PetType" filename="org/springframework/samples/petclinic/model/PetType.java" line-rate="1.0" branch-rate="1.0" complexity="0.0">
					<methods>
						<method name="&lt;init&gt;" signature="()V" line-rate="1.0" branch-rate="1.0" complexity="0">
							<lines>
								<line number="27" hits="143" branch="false"/>
							</lines>
						</method>
					</methods>
					<lines>
						<line number="27" hits="143" branch="false"/>
					</lines>
				</class>
				<class name="org.springframework.samples.petclinic.model.Specialty" filename="org/springframework/samples/petclinic/model/Specialty.java" line-rate="1.0" branch-rate="1.0" complexity="0.0">
					<methods>
						<method name="&lt;init&gt;" signature="()V" line-rate="1.0" branch-rate="1.0" complexity="0">
							<lines>
								<line number="28" hits="14" branch="false"/>
							</lines>
						</method>
					</methods>
					<lines>
						<line number="28" hits="14" branch="false"/>
					</lines>
				</class>
				<class name="org.springframework.samples.petclinic.model.Vet" filename="org/springframework/samples/petclinic/model/Vet.java" line-rate="0.8333333333333334" branch-rate="1.0" complexity="1.2">
					<methods>
						<method name="&lt;init&gt;" signature="()V" line-rate="1.0" branch-rate="1.0" complexity="0">
							<lines>
								<line number="45" hits="26" branch="false"/>
							</lines>
						</method>
						<method name="addSpecialty" signature="(Lorg/springframework/samples/petclinic/model/Specialty;)V" line-rate="1.0" branch-rate="1.0" complexity="0">
							<lines>
								<line number="75" hits="8" branch="false"/>
								<line number="76" hits="8" branch="false"/>
							</lines>
						</method>
						<method name="getNrOfSpecialties" signature="()I" line-rate="1.0" branch-rate="1.0" complexity="0">
							<lines>
								<line number="71" hits="5" branch="false"/>
							</lines>
						</method>
						<method name="getSpecialties" signature="()Ljava/util/List;" line-rate="1.0" branch-rate="1.0" complexity="0">
							<lines>
								<line number="65" hits="10" branch="false"/>
								<line number="66" hits="10" branch="false"/>
								<line number="67" hits="10" branch="false"/>
							</lines>
						</method>
						<method name="getSpecialtiesInternal" signature="()Ljava/util/Set;" line-rate="1.0" branch-rate="1.0" complexity="0">
							<lines>
								<line number="53" hits="23" branch="true" condition-coverage="100% (2/2)">
									<conditions>
										<condition number="0" type="jump" coverage="100%"/>
									</conditions>
								</line>
								<line number="54" hits="9" branch="false"/>
								<line number="56" hits="23" branch="false"/>
							</lines>
						</method>
						<method name="setSpecialtiesInternal" signature="(Ljava/util/Set;)V" line-rate="0.0" branch-rate="1.0" complexity="0">
							<lines>
								<line number="60" hits="0" branch="false"/>
								<line number="61" hits="0" branch="false"/>
							</lines>
						</method>
					</methods>
					<lines>
						<line number="45" hits="26" branch="false"/>
						<line number="53" hits="23" branch="true" condition-coverage="100% (2/2)">
							<conditions>
								<condition number="0" type="jump" coverage="100%"/>
							</conditions>
						</line>
						<line number="54" hits="9" branch="false"/>
						<line number="56" hits="23" branch="false"/>
						<line number="60" hits="0" branch="false"/>
						<line number="61" hits="0" branch="false"/>
						<line number="65" hits="10" branch="false"/>
						<line number="66" hits="10" branch="false"/>
						<line number="67" hits="10" branch="false"/>
						<line number="71" hits="5" branch="false"/>
						<line number="75" hits="8" branch="false"/>
						<line number="76" hits="8" branch="false"/>
					</lines>
				</class>
				<class name="org.springframework.samples.petclinic.model.Vets" filename="org/springframework/samples/petclinic/model/Vets.java" line-rate="1.0" branch-rate="1.0" complexity="2.0">
					<methods>
						<method name="&lt;init&gt;" signature="()V" line-rate="1.0" branch-rate="1.0" complexity="0">
							<lines>
								<line number="31" hits="3" branch="false"/>
							</lines>
						</method>
						<method name="getVetList" signature="()Ljava/util/List;" line-rate="1.0" branch-rate="1.0" complexity="0">
							<lines>
								<line number="37" hits="5" branch="true" condition-coverage="100% (2/2)">
									<conditions>
										<condition number="0" type="jump" coverage="100%"/>
									</conditions>
								</line>
								<line number="38" hits="3" branch="false"/>
								<line number="40" hits="5" branch="false"/>
							</lines>
						</method>
					</methods>
					<lines>
						<line number="31" hits="3" branch="false"/>
						<line number="37" hits="5" branch="true" condition-coverage="100% (2/2)">
							<conditions>
								<condition number="0" type="jump" coverage="100%"/>
							</conditions>
						</line>
						<line number="38" hits="3" branch="false"/>
						<line number="40" hits="5" branch="false"/>
					</lines>
				</class>
				<class name="org.springframework.samples.petclinic.model.Visit" filename="org/springframework/samples/petclinic/model/Visit.java" line-rate="1.0" branch-rate="1.0" complexity="1.0">
					<methods>
						<method name="&lt;init&gt;" signature="()V" line-rate="1.0" branch-rate="1.0" complexity="0">
							<lines>
								<line number="65" hits="64" branch="false"/>
								<line number="66" hits="64" branch="false"/>
								<line number="67" hits="64" branch="false"/>
							</lines>
						</method>
						<method name="getDate" signature="()Ljava/util/Date;" line-rate="1.0" branch-rate="1.0" complexity="0">
							<lines>
								<line number="76" hits="26" branch="false"/>
							</lines>
						</method>
						<method name="getDescription" signature="()Ljava/lang/String;" line-rate="1.0" branch-rate="1.0" complexity="0">
							<lines>
								<line number="94" hits="2" branch="false"/>
							</lines>
						</method>
						<method name="getPet" signature="()Lorg/springframework/samples/petclinic/model/Pet;" line-rate="1.0" branch-rate="1.0" complexity="0">
							<lines>
								<line number="112" hits="7" branch="false"/>
							</lines>
						</method>
						<method name="setDate" signature="(Ljava/util/Date;)V" line-rate="1.0" branch-rate="1.0" complexity="0">
							<lines>
								<line number="85" hits="31" branch="false"/>
								<line number="86" hits="31" branch="false"/>
							</lines>
						</method>
						<method name="setDescription" signature="(Ljava/lang/String;)V" line-rate="1.0" branch-rate="1.0" complexity="0">
							<lines>
								<line number="103" hits="35" branch="false"/>
								<line number="104" hits="35" branch="false"/>
							</lines>
						</method>
						<method name="setPet" signature="(Lorg/springframework/samples/petclinic/model/Pet;)V" line-rate="1.0" branch-rate="1.0" complexity="0">
							<lines>
								<line number="121" hits="38" branch="false"/>
								<line number="122" hits="38" branch="false"/>
							</lines>
						</method>
					</methods>
					<lines>
						<line number="65" hits="64" branch="false"/>
						<line number="66" hits="64" branch="false"/>
						<line number="67" hits="64" branch="false"/>
						<line number="76" hits="26" branch="false"/>
						<line number="85" hits="31" branch="false"/>
						<line number="86" hits="31" branch="false"/>
						<line number="94" hits="2" branch="false"/>
						<line number="103" hits="35" branch="false"/>
						<line number="104" hits="35" branch="false"/>
						<line number="112" hits="7" branch="false"/>
						<line number="121" hits="38" branch="false"/>
						<line number="122" hits="38" branch="false"/>
					</lines>
				</class>
			</classes>
		</package>
		<package name="org.springframework.samples.petclinic.repository" line-rate="1.0" branch-rate="1.0" complexity="1.0">
			<classes>
				<class name="org.springframework.samples.petclinic.repository.OwnerRepository" filename="org/springframework/samples/petclinic/repository/OwnerRepository.java" line-rate="1.0" branch-rate="1.0" complexity="1.0">
					<methods>
					</methods>
					<lines>
					</lines>
				</class>
				<class name="org.springframework.samples.petclinic.repository.PetRepository" filename="org/springframework/samples/petclinic/repository/PetRepository.java" line-rate="1.0" branch-rate="1.0" complexity="1.0">
					<methods>
					</methods>
					<lines>
					</lines>
				</class>
				<class name="org.springframework.samples.petclinic.repository.VetRepository" filename="org/springframework/samples/petclinic/repository/VetRepository.java" line-rate="1.0" branch-rate="1.0" complexity="1.0">
					<methods>
					</methods>
					<lines>
					</lines>
				</class>
				<class name="org.springframework.samples.petclinic.repository.VisitRepository" filename="org/springframework/samples/petclinic/repository/VisitRepository.java" line-rate="1.0" branch-rate="1.0" complexity="1.0">
					<methods>
					</methods>
					<lines>
					</lines>
				</class>
			</classes>
		</package>
		<package name="org.springframework.samples.petclinic.repository.jdbc" line-rate="0.9607843137254902" branch-rate="0.9444444444444444" complexity="1.5172413793103448">
			<classes>
				<class name="org.springframework.samples.petclinic.repository.jdbc.JdbcOwnerRepositoryImpl" filename="org/springframework/samples/petclinic/repository/jdbc/JdbcOwnerRepositoryImpl.java" line-rate="0.9534883720930233" branch-rate="1.0" complexity="1.7142857142857142">
					<methods>
						<method name="&lt;init&gt;" signature="(Ljavax/sql/DataSource;)V" line-rate="1.0" branch-rate="1.0" complexity="0">
							<lines>
								<line number="60" hits="1" branch="false"/>
								<line number="62" hits="1" branch="false"/>
								<line number="63" hits="1" branch="false"/>
								<line number="64" hits="1" branch="false"/>
								<line number="66" hits="1" branch="false"/>
								<line number="68" hits="1" branch="false"/>
							</lines>
						</method>
						<method name="findById" signature="(I)Lorg/springframework/samples/petclinic/model/Owner;" line-rate="0.7777777777777778" branch-rate="1.0" complexity="0">
							<lines>
								<line number="97" hits="10" branch="false"/>
								<line number="98" hits="10" branch="false"/>
								<line number="99" hits="20" branch="false"/>
								<line number="102" hits="10" branch="false"/>
								<line number="104" hits="0" branch="false"/>
								<line number="105" hits="0" branch="false"/>
								<line number="106" hits="10" branch="false"/>
								<line number="107" hits="10" branch="false"/>
								<line number="108" hits="10" branch="false"/>
							</lines>
						</method>
						<method name="findByLastName" signature="(Ljava/lang/String;)Ljava/util/Collection;" line-rate="1.0" branch-rate="1.0" complexity="0">
							<lines>
								<line number="78" hits="4" branch="false"/>
								<line number="79" hits="4" branch="false"/>
								<line number="80" hits="8" branch="false"/>
								<line number="83" hits="4" branch="false"/>
								<line number="85" hits="4" branch="false"/>
								<line number="86" hits="4" branch="false"/>
							</lines>
						</method>
						<method name="getPetTypes" signature="()Ljava/util/Collection;" line-rate="1.0" branch-rate="1.0" complexity="0">
							<lines>
								<line number="141" hits="26" branch="false"/>
								<line number="143" hits="13" branch="false"/>
							</lines>
						</method>
						<method name="loadOwnersPetsAndVisits" signature="(Ljava/util/List;)V" line-rate="1.0" branch-rate="1.0" complexity="0">
							<lines>
								<line number="153" hits="4" branch="true" condition-coverage="100% (2/2)">
									<conditions>
										<condition number="0" type="jump" coverage="100%"/>
									</conditions>
								</line>
								<line number="154" hits="3" branch="false"/>
								<line number="155" hits="3" branch="false"/>
								<line number="156" hits="4" branch="false"/>
							</lines>
						</method>
						<method name="loadPetsAndVisits" signature="(Lorg/springframework/samples/petclinic/model/Owner;)V" line-rate="1.0" branch-rate="1.0" complexity="0">
							<lines>
								<line number="112" hits="13" branch="false"/>
								<line number="113" hits="13" branch="false"/>
								<line number="114" hits="13" branch="false"/>
								<line number="119" hits="13" branch="false"/>
								<line number="120" hits="13" branch="true" condition-coverage="100% (2/2)">
									<conditions>
										<condition number="0" type="jump" coverage="100%"/>
									</conditions>
								</line>
								<line number="121" hits="20" branch="false"/>
								<line number="122" hits="20" branch="false"/>
								<line number="123" hits="20" branch="false"/>
								<line number="124" hits="13" branch="false"/>
							</lines>
						</method>
						<method name="save" signature="(Lorg/springframework/samples/petclinic/model/Owner;)V" line-rate="1.0" branch-rate="1.0" complexity="0">
							<lines>
								<line number="128" hits="3" branch="false"/>
								<line number="129" hits="3" branch="true" condition-coverage="100% (2/2)">
									<conditions>
										<condition number="0" type="jump" coverage="100%"/>
									</conditions>
								</line>
								<line number="130" hits="1" branch="false"/>
								<line number="131" hits="1" branch="false"/>
								<line number="132" hits="1" branch="false"/>
								<line number="133" hits="2" branch="false"/>
								<line number="138" hits="3" branch="false"/>
							</lines>
						</method>
					</methods>
					<lines>
						<line number="60" hits="1" branch="false"/>
						<line number="62" hits="1" branch="false"/>
						<line number="63" hits="1" branch="false"/>
						<line number="64" hits="1" branch="false"/>
						<line number="66" hits="1" branch="false"/>
						<line number="68" hits="1" branch="false"/>
						<line number="78" hits="4" branch="false"/>
						<line number="79" hits="4" branch="false"/>
						<line number="80" hits="8" branch="false"/>
						<line number="83" hits="4" branch="false"/>
						<line number="85" hits="4" branch="false"/>
						<line number="86" hits="4" branch="false"/>
						<line number="97" hits="10" branch="false"/>
						<line number="98" hits="10" branch="false"/>
						<line number="99" hits="20" branch="false"/>
						<line number="102" hits="10" branch="false"/>
						<line number="104" hits="0" branch="false"/>
						<line number="105" hits="0" branch="false"/>
						<line number="106" hits="10" branch="false"/>
						<line number="107" hits="10" branch="false"/>
						<line number="108" hits="10" branch="false"/>
						<line number="112" hits="13" branch="false"/>
						<line number="113" hits="13" branch="false"/>
						<line number="114" hits="13" branch="false"/>
						<line number="119" hits="13" branch="false"/>
						<line number="120" hits="13" branch="true" condition-coverage="100% (2/2)">
							<conditions>
								<condition number="0" type="jump" coverage="100%"/>
							</conditions>
						</line>
						<line number="121" hits="20" branch="false"/>
						<line number="122" hits="20" branch="false"/>
						<line number="123" hits="20" branch="false"/>
						<line number="124" hits="13" branch="false"/>
						<line number="128" hits="3" branch="false"/>
						<line number="129" hits="3" branch="true" condition-coverage="100% (2/2)">
							<conditions>
								<condition number="0" type="jump" coverage="100%"/>
							</conditions>
						</line>
						<line number="130" hits="1" branch="false"/>
						<line number="131" hits="1" branch="false"/>
						<line number="132" hits="1" branch="false"/>
						<line number="133" hits="2" branch="false"/>
						<line number="138" hits="3" branch="false"/>
						<line number="141" hits="26" branch="false"/>
						<line number="143" hits="13" branch="false"/>
						<line number="153" hits="4" branch="true" condition-coverage="100% (2/2)">
							<conditions>
								<condition number="0" type="jump" coverage="100%"/>
							</conditions>
						</line>
						<line number="154" hits="3" branch="false"/>
						<line number="155" hits="3" branch="false"/>
						<line number="156" hits="4" branch="false"/>
					</lines>
				</class>
				<class name="org.springframework.samples.petclinic.repository.jdbc.JdbcPet" filename="org/springframework/samples/petclinic/repository/jdbc/JdbcPet.java" line-rate="0.8571428571428571" branch-rate="1.0" complexity="1.0">
					<methods>
						<method name="&lt;init&gt;" signature="()V" line-rate="1.0" branch-rate="1.0" complexity="0">
							<lines>
								<line number="26" hits="21" branch="false"/>
							</lines>
						</method>
						<method name="getOwnerId" signature="()I" line-rate="0.0" branch-rate="1.0" complexity="0">
							<lines>
								<line number="41" hits="0" branch="false"/>
							</lines>
						</method>
						<method name="getTypeId" signature="()I" line-rate="1.0" branch-rate="1.0" complexity="0">
							<lines>
								<line number="33" hits="20" branch="false"/>
							</lines>
						</method>
						<method name="setOwnerId" signature="(I)V" line-rate="1.0" branch-rate="1.0" complexity="0">
							<lines>
								<line number="45" hits="21" branch="false"/>
								<line number="46" hits="21" branch="false"/>
							</lines>
						</method>
						<method name="setTypeId" signature="(I)V" line-rate="1.0" branch-rate="1.0" complexity="0">
							<lines>
								<line number="37" hits="21" branch="false"/>
								<line number="38" hits="21" branch="false"/>
							</lines>
						</method>
					</methods>
					<lines>
						<line number="26" hits="21" branch="false"/>
						<line number="33" hits="20" branch="false"/>
						<line number="37" hits="21" branch="false"/>
						<line number="38" hits="21" branch="false"/>
						<line number="41" hits="0" branch="false"/>
						<line number="45" hits="21" branch="false"/>
						<line number="46" hits="21" branch="false"/>
					</lines>
				</class>
				<class name="org.springframework.samples.petclinic.repository.jdbc.JdbcPetRepositoryImpl" filename="org/springframework/samples/petclinic/repository/jdbc/JdbcPetRepositoryImpl.java" line-rate="0.9393939393939394" branch-rate="1.0" complexity="1.6">
					<methods>
						<method name="&lt;init&gt;" signature="(Ljavax/sql/DataSource;Lorg/springframework/samples/petclinic/repository/OwnerRepository;Lorg/springframework/samples/petclinic/repository/VisitRepository;)V" line-rate="1.0" branch-rate="1.0" complexity="0">
							<lines>
								<line number="62" hits="1" branch="false"/>
								<line number="63" hits="1" branch="false"/>
								<line number="65" hits="1" branch="false"/>
								<line number="66" hits="1" branch="false"/>
								<line number="67" hits="1" branch="false"/>
								<line number="69" hits="1" branch="false"/>
								<line number="70" hits="1" branch="false"/>
								<line number="71" hits="1" branch="false"/>
							</lines>
						</method>
						<method name="createPetParameterSource" signature="(Lorg/springframework/samples/petclinic/model/Pet;)Lorg/springframework/jdbc/core/namedparam/MapSqlParameterSource;" line-rate="1.0" branch-rate="1.0" complexity="0">
							<lines>
								<line number="114" hits="6" branch="false"/>
								<line number="115" hits="3" branch="false"/>
								<line number="116" hits="3" branch="false"/>
								<line number="117" hits="3" branch="false"/>
								<line number="118" hits="3" branch="false"/>
								<line number="119" hits="3" branch="false"/>
							</lines>
						</method>
						<method name="findById" signature="(I)Lorg/springframework/samples/petclinic/model/Pet;" line-rate="0.75" branch-rate="1.0" complexity="0">
							<lines>
								<line number="86" hits="5" branch="false"/>
								<line number="87" hits="5" branch="false"/>
								<line number="88" hits="5" branch="false"/>
								<line number="89" hits="0" branch="false"/>
								<line number="90" hits="0" branch="false"/>
								<line number="91" hits="5" branch="false"/>
								<line number="92" hits="5" branch="false"/>
								<line number="93" hits="5" branch="false"/>
							</lines>
						</method>
						<method name="findPetTypes" signature="()Ljava/util/List;" line-rate="1.0" branch-rate="1.0" complexity="0">
							<lines>
								<line number="75" hits="2" branch="false"/>
								<line number="76" hits="4" branch="false"/>
								<line number="79" hits="2" branch="false"/>
							</lines>
						</method>
						<method name="save" signature="(Lorg/springframework/samples/petclinic/model/Pet;)V" line-rate="1.0" branch-rate="1.0" complexity="0">
							<lines>
								<line number="98" hits="3" branch="true" condition-coverage="100% (2/2)">
									<conditions>
										<condition number="0" type="jump" coverage="100%"/>
									</conditions>
								</line>
								<line number="99" hits="2" branch="false"/>
								<line number="100" hits="1" branch="false"/>
								<line number="101" hits="1" branch="false"/>
								<line number="102" hits="1" branch="false"/>
								<line number="103" hits="4" branch="false"/>
								<line number="106" hits="2" branch="false"/>
								<line number="108" hits="3" branch="false"/>
							</lines>
						</method>
					</methods>
					<lines>
						<line number="62" hits="1" branch="false"/>
						<line number="63" hits="1" branch="false"/>
						<line number="65" hits="1" branch="false"/>
						<line number="66" hits="1" branch="false"/>
						<line number="67" hits="1" branch="false"/>
						<line number="69" hits="1" branch="false"/>
						<line number="70" hits="1" branch="false"/>
						<line number="71" hits="1" branch="false"/>
						<line number="75" hits="2" branch="false"/>
						<line number="76" hits="4" branch="false"/>
						<line number="79" hits="2" branch="false"/>
						<line number="86" hits="5" branch="false"/>
						<line number="87" hits="5" branch="false"/>
						<line number="88" hits="5" branch="false"/>
						<line number="89" hits="0" branch="false"/>
						<line number="90" hits="0" branch="false"/>
						<line number="91" hits="5" branch="false"/>
						<line number="92" hits="5" branch="false"/>
						<line number="93" hits="5" branch="false"/>
						<line number="98" hits="3" branch="true" condition-coverage="100% (2/2)">
							<conditions>
								<condition number="0" type="jump" coverage="100%"/>
							</conditions>
						</line>
						<line number="99" hits="2" branch="false"/>
						<line number="100" hits="1" branch="false"/>
						<line number="101" hits="1" branch="false"/>
						<line number="102" hits="1" branch="false"/>
						<line number="103" hits="4" branch="false"/>
						<line number="106" hits="2" branch="false"/>
						<line number="108" hits="3" branch="false"/>
						<line number="114" hits="6" branch="false"/>
						<line number="115" hits="3" branch="false"/>
						<line number="116" hits="3" branch="false"/>
						<line number="117" hits="3" branch="false"/>
						<line number="118" hits="3" branch="false"/>
						<line number="119" hits="3" branch="false"/>
					</lines>
				</class>
				<class name="org.springframework.samples.petclinic.repository.jdbc.JdbcPetRowMapper" filename="org/springframework/samples/petclinic/repository/jdbc/JdbcPetRowMapper.java" line-rate="1.0" branch-rate="1.0" complexity="1.0">
					<methods>
						<method name="&lt;init&gt;" signature="()V" line-rate="1.0" branch-rate="1.0" complexity="0">
							<lines>
							</lines>
						</method>
						<method name="mapRow" signature="(Ljava/sql/ResultSet;I)Ljava/lang/Object;" line-rate="1.0" branch-rate="1.0" complexity="0">
							<lines>
								<line number="28" hits="35" branch="false"/>
							</lines>
						</method>
						<method name="mapRow" signature="(Ljava/sql/ResultSet;I)Lorg/springframework/samples/petclinic/repository/jdbc/JdbcPet;" line-rate="1.0" branch-rate="1.0" complexity="0">
							<lines>
								<line number="32" hits="21" branch="false"/>
								<line number="33" hits="21" branch="false"/>
								<line number="34" hits="21" branch="false"/>
								<line number="35" hits="21" branch="false"/>
								<line number="36" hits="21" branch="false"/>
								<line number="37" hits="21" branch="false"/>
								<line number="38" hits="21" branch="false"/>
								<line number="39" hits="21" branch="false"/>
							</lines>
						</method>
					</methods>
					<lines>
						<line number="28" hits="35" branch="false"/>
						<line number="32" hits="21" branch="false"/>
						<line number="33" hits="21" branch="false"/>
						<line number="34" hits="21" branch="false"/>
						<line number="35" hits="21" branch="false"/>
						<line number="36" hits="21" branch="false"/>
						<line number="37" hits="21" branch="false"/>
						<line number="38" hits="21" branch="false"/>
						<line number="39" hits="21" branch="false"/>
					</lines>
				</class>
				<class name="org.springframework.samples.petclinic.repository.jdbc.JdbcPetVisitExtractor" filename="org/springframework/samples/petclinic/repository/jdbc/JdbcPetVisitExtractor.java" line-rate="1.0" branch-rate="1.0" complexity="1.5">
					<methods>
						<method name="&lt;init&gt;" signature="()V" line-rate="1.0" branch-rate="1.0" complexity="0">
							<lines>
								<line number="33" hits="13" branch="false"/>
								<line number="34" hits="13" branch="false"/>
							</lines>
						</method>
						<method name="addChild" signature="(Ljava/lang/Object;Ljava/lang/Object;)V" line-rate="1.0" branch-rate="1.0" complexity="0">
							<lines>
							</lines>
						</method>
						<method name="addChild" signature="(Lorg/springframework/samples/petclinic/repository/jdbc/JdbcPet;Lorg/springframework/samples/petclinic/model/Visit;)V" line-rate="1.0" branch-rate="1.0" complexity="0">
							<lines>
								<line number="52" hits="29" branch="false"/>
								<line number="53" hits="29" branch="false"/>
							</lines>
						</method>
						<method name="mapForeignKey" signature="(Ljava/sql/ResultSet;)Ljava/lang/Integer;" line-rate="1.0" branch-rate="1.0" complexity="0">
							<lines>
								<line number="43" hits="57" branch="true" condition-coverage="100% (2/2)">
									<conditions>
										<condition number="0" type="jump" coverage="100%"/>
									</conditions>
								</line>
								<line number="44" hits="7" branch="false"/>
								<line number="46" hits="50" branch="false"/>
							</lines>
						</method>
						<method name="mapForeignKey" signature="(Ljava/sql/ResultSet;)Ljava/lang/Object;" line-rate="1.0" branch-rate="1.0" complexity="0">
							<lines>
							</lines>
						</method>
						<method name="mapPrimaryKey" signature="(Ljava/sql/ResultSet;)Ljava/lang/Integer;" line-rate="1.0" branch-rate="1.0" complexity="0">
							<lines>
								<line number="38" hits="20" branch="false"/>
							</lines>
						</method>
						<method name="mapPrimaryKey" signature="(Ljava/sql/ResultSet;)Ljava/lang/Object;" line-rate="1.0" branch-rate="1.0" complexity="0">
							<lines>
								<line number="29" hits="106" branch="false"/>
							</lines>
						</method>
					</methods>
					<lines>
						<line number="29" hits="106" branch="false"/>
						<line number="33" hits="13" branch="false"/>
						<line number="34" hits="13" branch="false"/>
						<line number="38" hits="20" branch="false"/>
						<line number="43" hits="57" branch="true" condition-coverage="100% (2/2)">
							<conditions>
								<condition number="0" type="jump" coverage="100%"/>
							</conditions>
						</line>
						<line number="44" hits="7" branch="false"/>
						<line number="46" hits="50" branch="false"/>
						<line number="52" hits="29" branch="false"/>
						<line number="53" hits="29" branch="false"/>
					</lines>
				</class>
				<class name="org.springframework.samples.petclinic.repository.jdbc.JdbcVetRepositoryImpl" filename="org/springframework/samples/petclinic/repository/jdbc/JdbcVetRepositoryImpl.java" line-rate="1.0" branch-rate="1.0" complexity="1.6666666666666667">
					<methods>
						<method name="&lt;init&gt;" signature="(Lorg/springframework/jdbc/core/JdbcTemplate;)V" line-rate="1.0" branch-rate="1.0" complexity="0">
							<lines>
								<line number="51" hits="1" branch="false"/>
								<line number="52" hits="1" branch="false"/>
								<line number="53" hits="1" branch="false"/>
							</lines>
						</method>
						<method name="findAll" signature="()Ljava/util/Collection;" line-rate="1.0" branch-rate="1.0" complexity="0">
							<lines>
								<line number="60" hits="1" branch="false"/>
								<line number="62" hits="2" branch="false"/>
								<line number="64" hits="1" branch="false"/>
								<line number="67" hits="2" branch="false"/>
								<line number="69" hits="1" branch="false"/>
								<line number="72" hits="1" branch="true" condition-coverage="100% (2/2)">
									<conditions>
										<condition number="0" type="jump" coverage="100%"/>
									</conditions>
								</line>
								<line number="73" hits="12" branch="false"/>
								<line number="81" hits="6" branch="false"/>
								<line number="82" hits="6" branch="true" condition-coverage="100% (2/2)">
									<conditions>
										<condition number="0" type="jump" coverage="100%"/>
									</conditions>
								</line>
								<line number="83" hits="5" branch="false"/>
								<line number="84" hits="5" branch="false"/>
								<line number="85" hits="5" branch="false"/>
								<line number="86" hits="6" branch="false"/>
								<line number="87" hits="1" branch="false"/>
							</lines>
						</method>
					</methods>
					<lines>
						<line number="51" hits="1" branch="false"/>
						<line number="52" hits="1" branch="false"/>
						<line number="53" hits="1" branch="false"/>
						<line number="60" hits="1" branch="false"/>
						<line number="62" hits="2" branch="false"/>
						<line number="64" hits="1" branch="false"/>
						<line number="67" hits="2" branch="false"/>
						<line number="69" hits="1" branch="false"/>
						<line number="72" hits="1" branch="true" condition-coverage="100% (2/2)">
							<conditions>
								<condition number="0" type="jump" coverage="100%"/>
							</conditions>
						</line>
						<line number="73" hits="12" branch="false"/>
						<line number="81" hits="6" branch="false"/>
						<line number="82" hits="6" branch="true" condition-coverage="100% (2/2)">
							<conditions>
								<condition number="0" type="jump" coverage="100%"/>
							</conditions>
						</line>
						<line number="83" hits="5" branch="false"/>
						<line number="84" hits="5" branch="false"/>
						<line number="85" hits="5" branch="false"/>
						<line number="86" hits="6" branch="false"/>
						<line number="87" hits="1" branch="false"/>
					</lines>
				</class>
				<class name="org.springframework.samples.petclinic.repository.jdbc.JdbcVetRepositoryImpl$1" filename="org/springframework/samples/petclinic/repository/jdbc/JdbcVetRepositoryImpl.java" line-rate="1.0" branch-rate="1.0" complexity="1.6666666666666667">
					<methods>
						<method name="&lt;init&gt;" signature="(Lorg/springframework/samples/petclinic/repository/jdbc/JdbcVetRepositoryImpl;)V" line-rate="1.0" branch-rate="1.0" complexity="0">
							<lines>
							</lines>
						</method>
						<method name="mapRow" signature="(Ljava/sql/ResultSet;I)Ljava/lang/Integer;" line-rate="1.0" branch-rate="1.0" complexity="0">
							<lines>
								<line number="78" hits="5" branch="false"/>
							</lines>
						</method>
						<method name="mapRow" signature="(Ljava/sql/ResultSet;I)Ljava/lang/Object;" line-rate="1.0" branch-rate="1.0" complexity="0">
							<lines>
								<line number="75" hits="11" branch="false"/>
							</lines>
						</method>
					</methods>
					<lines>
						<line number="75" hits="11" branch="false"/>
						<line number="78" hits="5" branch="false"/>
					</lines>
				</class>
				<class name="org.springframework.samples.petclinic.repository.jdbc.JdbcVisitRepositoryImpl" filename="org/springframework/samples/petclinic/repository/jdbc/JdbcVisitRepositoryImpl.java" line-rate="0.9615384615384616" branch-rate="0.75" complexity="1.75">
					<methods>
						<method name="&lt;init&gt;" signature="(Ljavax/sql/DataSource;)V" line-rate="1.0" branch-rate="1.0" complexity="0">
							<lines>
								<line number="52" hits="1" branch="false"/>
								<line number="53" hits="1" branch="false"/>
								<line number="55" hits="1" branch="false"/>
								<line number="56" hits="1" branch="false"/>
								<line number="57" hits="1" branch="false"/>
								<line number="58" hits="1" branch="false"/>
							</lines>
						</method>
						<method name="createVisitParameterSource" signature="(Lorg/springframework/samples/petclinic/model/Visit;)Lorg/springframework/jdbc/core/namedparam/MapSqlParameterSource;" line-rate="1.0" branch-rate="1.0" complexity="0">
							<lines>
								<line number="77" hits="2" branch="false"/>
								<line number="78" hits="1" branch="false"/>
								<line number="79" hits="1" branch="false"/>
								<line number="80" hits="1" branch="false"/>
								<line number="81" hits="1" branch="false"/>
							</lines>
						</method>
						<method name="findByPetId" signature="(Ljava/lang/Integer;)Ljava/util/List;" line-rate="1.0" branch-rate="1.0" complexity="0">
							<lines>
								<line number="86" hits="1" branch="false"/>
								<line number="87" hits="1" branch="false"/>
								<line number="88" hits="1" branch="false"/>
								<line number="93" hits="1" branch="false"/>
								<line number="97" hits="1" branch="true" condition-coverage="100% (2/2)">
									<conditions>
										<condition number="0" type="jump" coverage="100%"/>
									</conditions>
								</line>
								<line number="98" hits="2" branch="false"/>
								<line number="99" hits="2" branch="false"/>
								<line number="101" hits="1" branch="false"/>
							</lines>
						</method>
						<method name="save" signature="(Lorg/springframework/samples/petclinic/model/Visit;)V" line-rate="0.8571428571428571" branch-rate="0.5" complexity="0">
							<lines>
								<line number="63" hits="1" branch="true" condition-coverage="50% (1/2)">
									<conditions>
										<condition number="0" type="jump" coverage="50%"/>
									</conditions>
								</line>
								<line number="64" hits="2" branch="false"/>
								<line number="65" hits="1" branch="false"/>
								<line number="66" hits="1" branch="false"/>
								<line number="67" hits="1" branch="false"/>
								<line number="68" hits="0" branch="false"/>
								<line number="70" hits="1" branch="false"/>
							</lines>
						</method>
					</methods>
					<lines>
						<line number="52" hits="1" branch="false"/>
						<line number="53" hits="1" branch="false"/>
						<line number="55" hits="1" branch="false"/>
						<line number="56" hits="1" branch="false"/>
						<line number="57" hits="1" branch="false"/>
						<line number="58" hits="1" branch="false"/>
						<line number="63" hits="1" branch="true" condition-coverage="50% (1/2)">
							<conditions>
								<condition number="0" type="jump" coverage="50%"/>
							</conditions>
						</line>
						<line number="64" hits="2" branch="false"/>
						<line number="65" hits="1" branch="false"/>
						<line number="66" hits="1" branch="false"/>
						<line number="67" hits="1" branch="false"/>
						<line number="68" hits="0" branch="false"/>
						<line number="70" hits="1" branch="false"/>
						<line number="77" hits="2" branch="false"/>
						<line number="78" hits="1" branch="false"/>
						<line number="79" hits="1" branch="false"/>
						<line number="80" hits="1" branch="false"/>
						<line number="81" hits="1" branch="false"/>
						<line number="86" hits="1" branch="false"/>
						<line number="87" hits="1" branch="false"/>
						<line number="88" hits="1" branch="false"/>
						<line number="93" hits="1" branch="false"/>
						<line number="97" hits="1" branch="true" condition-coverage="100% (2/2)">
							<conditions>
								<condition number="0" type="jump" coverage="100%"/>
							</conditions>
						</line>
						<line number="98" hits="2" branch="false"/>
						<line number="99" hits="2" branch="false"/>
						<line number="101" hits="1" branch="false"/>
					</lines>
				</class>
				<class name="org.springframework.samples.petclinic.repository.jdbc.JdbcVisitRowMapper" filename="org/springframework/samples/petclinic/repository/jdbc/JdbcVisitRowMapper.java" line-rate="1.0" branch-rate="1.0" complexity="1.0">
					<methods>
						<method name="&lt;init&gt;" signature="()V" line-rate="1.0" branch-rate="1.0" complexity="0">
							<lines>
							</lines>
						</method>
						<method name="mapRow" signature="(Ljava/sql/ResultSet;I)Ljava/lang/Object;" line-rate="1.0" branch-rate="1.0" complexity="0">
							<lines>
								<line number="30" hits="45" branch="false"/>
							</lines>
						</method>
						<method name="mapRow" signature="(Ljava/sql/ResultSet;I)Lorg/springframework/samples/petclinic/model/Visit;" line-rate="1.0" branch-rate="1.0" complexity="0">
							<lines>
								<line number="34" hits="31" branch="false"/>
								<line number="35" hits="31" branch="false"/>
								<line number="36" hits="31" branch="false"/>
								<line number="37" hits="31" branch="false"/>
								<line number="38" hits="31" branch="false"/>
								<line number="39" hits="31" branch="false"/>
							</lines>
						</method>
					</methods>
					<lines>
						<line number="30" hits="45" branch="false"/>
						<line number="34" hits="31" branch="false"/>
						<line number="35" hits="31" branch="false"/>
						<line number="36" hits="31" branch="false"/>
						<line number="37" hits="31" branch="false"/>
						<line number="38" hits="31" branch="false"/>
						<line number="39" hits="31" branch="false"/>
					</lines>
				</class>
			</classes>
		</package>
		<package name="org.springframework.samples.petclinic.repository.jpa" line-rate="0.9642857142857143" branch-rate="0.8333333333333334" complexity="1.3333333333333333">
			<classes>
				<class name="org.springframework.samples.petclinic.repository.jpa.JpaOwnerRepositoryImpl" filename="org/springframework/samples/petclinic/repository/jpa/JpaOwnerRepositoryImpl.java" line-rate="1.0" branch-rate="1.0" complexity="1.3333333333333333">
					<methods>
						<method name="&lt;init&gt;" signature="()V" line-rate="1.0" branch-rate="1.0" complexity="0">
							<lines>
								<line number="39" hits="1" branch="false"/>
							</lines>
						</method>
						<method name="findById" signature="(I)Lorg/springframework/samples/petclinic/model/Owner;" line-rate="1.0" branch-rate="1.0" complexity="0">
							<lines>
								<line number="65" hits="5" branch="false"/>
								<line number="66" hits="5" branch="false"/>
								<line number="67" hits="5" branch="false"/>
							</lines>
						</method>
						<method name="findByLastName" signature="(Ljava/lang/String;)Ljava/util/Collection;" line-rate="1.0" branch-rate="1.0" complexity="0">
							<lines>
								<line number="56" hits="4" branch="false"/>
								<line number="57" hits="4" branch="false"/>
								<line number="58" hits="4" branch="false"/>
							</lines>
						</method>
						<method name="save" signature="(Lorg/springframework/samples/petclinic/model/Owner;)V" line-rate="1.0" branch-rate="1.0" complexity="0">
							<lines>
								<line number="73" hits="3" branch="true" condition-coverage="100% (2/2)">
									<conditions>
										<condition number="0" type="jump" coverage="100%"/>
									</conditions>
								</line>
								<line number="74" hits="1" branch="false"/>
								<line number="76" hits="2" branch="false"/>
								<line number="79" hits="3" branch="false"/>
							</lines>
						</method>
					</methods>
					<lines>
						<line number="39" hits="1" branch="false"/>
						<line number="56" hits="4" branch="false"/>
						<line number="57" hits="4" branch="false"/>
						<line number="58" hits="4" branch="false"/>
						<line number="65" hits="5" branch="false"/>
						<line number="66" hits="5" branch="false"/>
						<line number="67" hits="5" branch="false"/>
						<line number="73" hits="3" branch="true" condition-coverage="100% (2/2)">
							<conditions>
								<condition number="0" type="jump" coverage="100%"/>
							</conditions>
						</line>
						<line number="74" hits="1" branch="false"/>
						<line number="76" hits="2" branch="false"/>
						<line number="79" hits="3" branch="false"/>
					</lines>
				</class>
				<class name="org.springframework.samples.petclinic.repository.jpa.JpaPetRepositoryImpl" filename="org/springframework/samples/petclinic/repository/jpa/JpaPetRepositoryImpl.java" line-rate="1.0" branch-rate="1.0" complexity="1.3333333333333333">
					<methods>
						<method name="&lt;init&gt;" signature="()V" line-rate="1.0" branch-rate="1.0" complexity="0">
							<lines>
								<line number="38" hits="1" branch="false"/>
							</lines>
						</method>
						<method name="findById" signature="(I)Lorg/springframework/samples/petclinic/model/Pet;" line-rate="1.0" branch-rate="1.0" complexity="0">
							<lines>
								<line number="51" hits="5" branch="false"/>
							</lines>
						</method>
						<method name="findPetTypes" signature="()Ljava/util/List;" line-rate="1.0" branch-rate="1.0" complexity="0">
							<lines>
								<line number="46" hits="2" branch="false"/>
							</lines>
						</method>
						<method name="save" signature="(Lorg/springframework/samples/petclinic/model/Pet;)V" line-rate="1.0" branch-rate="1.0" complexity="0">
							<lines>
								<line number="56" hits="3" branch="true" condition-coverage="100% (2/2)">
									<conditions>
										<condition number="0" type="jump" coverage="100%"/>
									</conditions>
								</line>
								<line number="57" hits="1" branch="false"/>
								<line number="59" hits="2" branch="false"/>
								<line number="61" hits="3" branch="false"/>
							</lines>
						</method>
					</methods>
					<lines>
						<line number="38" hits="1" branch="false"/>
						<line number="46" hits="2" branch="false"/>
						<line number="51" hits="5" branch="false"/>
						<line number="56" hits="3" branch="true" condition-coverage="100% (2/2)">
							<conditions>
								<condition number="0" type="jump" coverage="100%"/>
							</conditions>
						</line>
						<line number="57" hits="1" branch="false"/>
						<line number="59" hits="2" branch="false"/>
						<line number="61" hits="3" branch="false"/>
					</lines>
				</class>
				<class name="org.springframework.samples.petclinic.repository.jpa.JpaVetRepositoryImpl" filename="org/springframework/samples/petclinic/repository/jpa/JpaVetRepositoryImpl.java" line-rate="1.0" branch-rate="1.0" complexity="1.0">
					<methods>
						<method name="&lt;init&gt;" signature="()V" line-rate="1.0" branch-rate="1.0" complexity="0">
							<lines>
								<line number="36" hits="1" branch="false"/>
							</lines>
						</method>
						<method name="findAll" signature="()Ljava/util/Collection;" line-rate="1.0" branch-rate="1.0" complexity="0">
							<lines>
								<line number="45" hits="1" branch="false"/>
							</lines>
						</method>
					</methods>
					<lines>
						<line number="36" hits="1" branch="false"/>
						<line number="45" hits="1" branch="false"/>
					</lines>
				</class>
				<class name="org.springframework.samples.petclinic.repository.jpa.JpaVisitRepositoryImpl" filename="org/springframework/samples/petclinic/repository/jpa/JpaVisitRepositoryImpl.java" line-rate="0.875" branch-rate="0.5" complexity="1.5">
					<methods>
						<method name="&lt;init&gt;" signature="()V" line-rate="1.0" branch-rate="1.0" complexity="0">
							<lines>
								<line number="40" hits="1" branch="false"/>
							</lines>
						</method>
						<method name="findByPetId" signature="(Ljava/lang/Integer;)Ljava/util/List;" line-rate="1.0" branch-rate="1.0" complexity="0">
							<lines>
								<line number="59" hits="1" branch="false"/>
								<line number="60" hits="1" branch="false"/>
								<line number="61" hits="1" branch="false"/>
							</lines>
						</method>
						<method name="save" signature="(Lorg/springframework/samples/petclinic/model/Visit;)V" line-rate="0.75" branch-rate="0.5" complexity="0">
							<lines>
								<line number="48" hits="1" branch="true" condition-coverage="50% (1/2)">
									<conditions>
										<condition number="0" type="jump" coverage="50%"/>
									</conditions>
								</line>
								<line number="49" hits="1" branch="false"/>
								<line number="51" hits="0" branch="false"/>
								<line number="53" hits="1" branch="false"/>
							</lines>
						</method>
					</methods>
					<lines>
						<line number="40" hits="1" branch="false"/>
						<line number="48" hits="1" branch="true" condition-coverage="50% (1/2)">
							<conditions>
								<condition number="0" type="jump" coverage="50%"/>
							</conditions>
						</line>
						<line number="49" hits="1" branch="false"/>
						<line number="51" hits="0" branch="false"/>
						<line number="53" hits="1" branch="false"/>
						<line number="59" hits="1" branch="false"/>
						<line number="60" hits="1" branch="false"/>
						<line number="61" hits="1" branch="false"/>
					</lines>
				</class>
			</classes>
		</package>
		<package name="org.springframework.samples.petclinic.repository.springdatajpa" line-rate="1.0" branch-rate="1.0" complexity="1.0">
			<classes>
				<class name="org.springframework.samples.petclinic.repository.springdatajpa.SpringDataOwnerRepository" filename="org/springframework/samples/petclinic/repository/springdatajpa/SpringDataOwnerRepository.java" line-rate="1.0" branch-rate="1.0" complexity="1.0">
					<methods>
					</methods>
					<lines>
					</lines>
				</class>
				<class name="org.springframework.samples.petclinic.repository.springdatajpa.SpringDataPetRepository" filename="org/springframework/samples/petclinic/repository/springdatajpa/SpringDataPetRepository.java" line-rate="1.0" branch-rate="1.0" complexity="1.0">
					<methods>
					</methods>
					<lines>
					</lines>
				</class>
				<class name="org.springframework.samples.petclinic.repository.springdatajpa.SpringDataVetRepository" filename="org/springframework/samples/petclinic/repository/springdatajpa/SpringDataVetRepository.java" line-rate="1.0" branch-rate="1.0" complexity="0.0">
					<methods>
					</methods>
					<lines>
					</lines>
				</class>
				<class name="org.springframework.samples.petclinic.repository.springdatajpa.SpringDataVisitRepository" filename="org/springframework/samples/petclinic/repository/springdatajpa/SpringDataVisitRepository.java" line-rate="1.0" branch-rate="1.0" complexity="0.0">
					<methods>
					</methods>
					<lines>
					</lines>
				</class>
			</classes>
		</package>
		<package name="org.springframework.samples.petclinic.service" line-rate="1.0" branch-rate="1.0" complexity="1.0">
			<classes>
				<class name="org.springframework.samples.petclinic.service.ClinicService" filename="org/springframework/samples/petclinic/service/ClinicService.java" line-rate="1.0" branch-rate="1.0" complexity="1.0">
					<methods>
					</methods>
					<lines>
					</lines>
				</class>
				<class name="org.springframework.samples.petclinic.service.ClinicServiceImpl" filename="org/springframework/samples/petclinic/service/ClinicServiceImpl.java" line-rate="1.0" branch-rate="1.0" complexity="1.0">
					<methods>
						<method name="&lt;init&gt;" signature="(Lorg/springframework/samples/petclinic/repository/PetRepository;Lorg/springframework/samples/petclinic/repository/VetRepository;Lorg/springframework/samples/petclinic/repository/OwnerRepository;Lorg/springframework/samples/petclinic/repository/VisitRepository;)V" line-rate="1.0" branch-rate="1.0" complexity="0">
							<lines>
								<line number="50" hits="3" branch="false"/>
								<line number="51" hits="3" branch="false"/>
								<line number="52" hits="3" branch="false"/>
								<line number="53" hits="3" branch="false"/>
								<line number="54" hits="3" branch="false"/>
								<line number="55" hits="3" branch="false"/>
							</lines>
						</method>
						<method name="findOwnerById" signature="(I)Lorg/springframework/samples/petclinic/model/Owner;" line-rate="1.0" branch-rate="1.0" complexity="0">
							<lines>
								<line number="66" hits="15" branch="false"/>
							</lines>
						</method>
						<method name="findOwnerByLastName" signature="(Ljava/lang/String;)Ljava/util/Collection;" line-rate="1.0" branch-rate="1.0" complexity="0">
							<lines>
								<line number="72" hits="12" branch="false"/>
							</lines>
						</method>
						<method name="findPetById" signature="(I)Lorg/springframework/samples/petclinic/model/Pet;" line-rate="1.0" branch-rate="1.0" complexity="0">
							<lines>
								<line number="92" hits="15" branch="false"/>
							</lines>
						</method>
						<method name="findPetTypes" signature="()Ljava/util/Collection;" line-rate="1.0" branch-rate="1.0" complexity="0">
							<lines>
								<line number="60" hits="6" branch="false"/>
							</lines>
						</method>
						<method name="findVets" signature="()Ljava/util/Collection;" line-rate="1.0" branch-rate="1.0" complexity="0">
							<lines>
								<line number="105" hits="3" branch="false"/>
							</lines>
						</method>
						<method name="findVisitsByPetId" signature="(I)Ljava/util/Collection;" line-rate="1.0" branch-rate="1.0" complexity="0">
							<lines>
								<line number="110" hits="3" branch="false"/>
							</lines>
						</method>
						<method name="saveOwner" signature="(Lorg/springframework/samples/petclinic/model/Owner;)V" line-rate="1.0" branch-rate="1.0" complexity="0">
							<lines>
								<line number="78" hits="9" branch="false"/>
								<line number="79" hits="9" branch="false"/>
							</lines>
						</method>
						<method name="savePet" signature="(Lorg/springframework/samples/petclinic/model/Pet;)V" line-rate="1.0" branch-rate="1.0" complexity="0">
							<lines>
								<line number="98" hits="9" branch="false"/>
								<line number="99" hits="9" branch="false"/>
							</lines>
						</method>
						<method name="saveVisit" signature="(Lorg/springframework/samples/petclinic/model/Visit;)V" line-rate="1.0" branch-rate="1.0" complexity="0">
							<lines>
								<line number="85" hits="3" branch="false"/>
								<line number="86" hits="3" branch="false"/>
							</lines>
						</method>
					</methods>
					<lines>
						<line number="50" hits="3" branch="false"/>
						<line number="51" hits="3" branch="false"/>
						<line number="52" hits="3" branch="false"/>
						<line number="53" hits="3" branch="false"/>
						<line number="54" hits="3" branch="false"/>
						<line number="55" hits="3" branch="false"/>
						<line number="60" hits="6" branch="false"/>
						<line number="66" hits="15" branch="false"/>
						<line number="72" hits="12" branch="false"/>
						<line number="78" hits="9" branch="false"/>
						<line number="79" hits="9" branch="false"/>
						<line number="85" hits="3" branch="false"/>
						<line number="86" hits="3" branch="false"/>
						<line number="92" hits="15" branch="false"/>
						<line number="98" hits="9" branch="false"/>
						<line number="99" hits="9" branch="false"/>
						<line number="105" hits="3" branch="false"/>
						<line number="110" hits="3" branch="false"/>
					</lines>
				</class>
			</classes>
		</package>
		<package name="org.springframework.samples.petclinic.util" line-rate="0.13333333333333333" branch-rate="0.4" complexity="2.2857142857142856">
			<classes>
				<class name="org.springframework.samples.petclinic.util.CallMonitoringAspect" filename="org/springframework/samples/petclinic/util/CallMonitoringAspect.java" line-rate="0.0" branch-rate="0.0" complexity="1.6666666666666667">
					<methods>
						<method name="&lt;init&gt;" signature="()V" line-rate="0.0" branch-rate="1.0" complexity="0">
							<lines>
								<line number="39" hits="0" branch="false"/>
								<line number="41" hits="0" branch="false"/>
								<line number="43" hits="0" branch="false"/>
								<line number="45" hits="0" branch="false"/>
							</lines>
						</method>
						<method name="getCallCount" signature="()I" line-rate="0.0" branch-rate="1.0" complexity="0">
							<lines>
								<line number="65" hits="0" branch="false"/>
							</lines>
						</method>
						<method name="getCallTime" signature="()J" line-rate="0.0" branch-rate="0.0" complexity="0">
							<lines>
								<line number="70" hits="0" branch="true" condition-coverage="0% (0/2)">
									<conditions>
										<condition number="0" type="jump" coverage="0%"/>
									</conditions>
								</line>
								<line number="71" hits="0" branch="false"/>
								<line number="73" hits="0" branch="false"/>
							</lines>
						</method>
						<method name="invoke" signature="(Lorg/aspectj/lang/ProceedingJoinPoint;)Ljava/lang/Object;" line-rate="0.0" branch-rate="0.0" complexity="0">
							<lines>
								<line number="79" hits="0" branch="true" condition-coverage="0% (0/2)">
									<conditions>
										<condition number="0" type="jump" coverage="0%"/>
									</conditions>
								</line>
								<line number="80" hits="0" branch="false"/>
								<line number="82" hits="0" branch="false"/>
								<line number="84" hits="0" branch="false"/>
								<line number="86" hits="0" branch="false"/>
								<line number="87" hits="0" branch="false"/>
								<line number="88" hits="0" branch="false"/>
								<line number="89" hits="0" branch="false"/>
								<line number="90" hits="0" branch="false"/>
								<line number="93" hits="0" branch="false"/>
							</lines>
						</method>
						<method name="isEnabled" signature="()Z" line-rate="0.0" branch-rate="1.0" complexity="0">
							<lines>
								<line number="49" hits="0" branch="false"/>
							</lines>
						</method>
						<method name="reset" signature="()V" line-rate="0.0" branch-rate="1.0" complexity="0">
							<lines>
								<line number="59" hits="0" branch="false"/>
								<line number="60" hits="0" branch="false"/>
								<line number="61" hits="0" branch="false"/>
							</lines>
						</method>
						<method name="setEnabled" signature="(Z)V" line-rate="0.0" branch-rate="1.0" complexity="0">
							<lines>
								<line number="54" hits="0" branch="false"/>
								<line number="55" hits="0" branch="false"/>
							</lines>
						</method>
					</methods>
					<lines>
						<line number="39" hits="0" branch="false"/>
						<line number="41" hits="0" branch="false"/>
						<line number="43" hits="0" branch="false"/>
						<line number="45" hits="0" branch="false"/>
						<line number="49" hits="0" branch="false"/>
						<line number="54" hits="0" branch="false"/>
						<line number="55" hits="0" branch="false"/>
						<line number="59" hits="0" branch="false"/>
						<line number="60" hits="0" branch="false"/>
						<line number="61" hits="0" branch="false"/>
						<line number="65" hits="0" branch="false"/>
						<line number="70" hits="0" branch="true" condition-coverage="0% (0/2)">
							<conditions>
								<condition number="0" type="jump" coverage="0%"/>
							</conditions>
						</line>
						<line number="71" hits="0" branch="false"/>
						<line number="73" hits="0" branch="false"/>
						<line number="79" hits="0" branch="true" condition-coverage="0% (0/2)">
							<conditions>
								<condition number="0" type="jump" coverage="0%"/>
							</conditions>
						</line>
						<line number="80" hits="0" branch="false"/>
						<line number="82" hits="0" branch="false"/>
						<line number="84" hits="0" branch="false"/>
						<line number="86" hits="0" branch="false"/>
						<line number="87" hits="0" branch="false"/>
						<line number="88" hits="0" branch="false"/>
						<line number="89" hits="0" branch="false"/>
						<line number="90" hits="0" branch="false"/>
						<line number="93" hits="0" branch="false"/>
					</lines>
				</class>
				<class name="org.springframework.samples.petclinic.util.EntityUtils" filename="org/springframework/samples/petclinic/util/EntityUtils.java" line-rate="0.6666666666666666" branch-rate="0.6666666666666666" complexity="6.0">
					<methods>
						<method name="&lt;init&gt;" signature="()V" line-rate="0.0" branch-rate="1.0" complexity="0">
							<lines>
								<line number="33" hits="0" branch="false"/>
							</lines>
						</method>
						<method name="getById" signature="(Ljava/util/Collection;Ljava/lang/Class;I)Lorg/springframework/samples/petclinic/model/BaseEntity;" line-rate="0.8" branch-rate="0.6666666666666666" complexity="0">
							<lines>
								<line number="46" hits="42" branch="true" condition-coverage="50% (1/2)">
									<conditions>
										<condition number="0" type="jump" coverage="50%"/>
									</conditions>
								</line>
								<line number="47" hits="105" branch="true" condition-coverage="75% (3/4)">
									<conditions>
										<condition number="0" type="jump" coverage="100%"/>
										<condition number="1" type="jump" coverage="50%"/>
									</conditions>
								</line>
								<line number="48" hits="42" branch="false"/>
								<line number="50" hits="63" branch="false"/>
								<line number="51" hits="0" branch="false"/>
							</lines>
						</method>
					</methods>
					<lines>
						<line number="33" hits="0" branch="false"/>
						<line number="46" hits="42" branch="true" condition-coverage="50% (1/2)">
							<conditions>
								<condition number="0" type="jump" coverage="50%"/>
							</conditions>
						</line>
						<line number="47" hits="105" branch="true" condition-coverage="75% (3/4)">
							<conditions>
								<condition number="0" type="jump" coverage="100%"/>
								<condition number="1" type="jump" coverage="50%"/>
							</conditions>
						</line>
						<line number="48" hits="42" branch="false"/>
						<line number="50" hits="63" branch="false"/>
						<line number="51" hits="0" branch="false"/>
					</lines>
				</class>
			</classes>
		</package>
		<package name="org.springframework.samples.petclinic.web" line-rate="0.9568965517241379" branch-rate="0.7941176470588235" complexity="1.8181818181818181">
			<classes>
				<class name="org.springframework.samples.petclinic.web.CrashController" filename="org/springframework/samples/petclinic/web/CrashController.java" line-rate="1.0" branch-rate="1.0" complexity="2.0">
					<methods>
						<method name="&lt;init&gt;" signature="()V" line-rate="1.0" branch-rate="1.0" complexity="0">
							<lines>
								<line number="31" hits="2" branch="false"/>
							</lines>
						</method>
						<method name="triggerException" signature="()Ljava/lang/String;" line-rate="1.0" branch-rate="1.0" complexity="0">
							<lines>
								<line number="35" hits="1" branch="false"/>
							</lines>
						</method>
					</methods>
					<lines>
						<line number="31" hits="2" branch="false"/>
						<line number="35" hits="1" branch="false"/>
					</lines>
				</class>
[...]
							</conditions>
						</line>
						<line number="69" hits="1" branch="false"/>
						<line number="71" hits="1" branch="false"/>
						<line number="72" hits="1" branch="false"/>
						<line number="78" hits="1" branch="false"/>
						<line number="79" hits="1" branch="false"/>
						<line number="86" hits="3" branch="true" condition-coverage="100% (2/2)">
							<conditions>
								<condition number="0" type="jump" coverage="100%"/>
							</conditions>
						</line>
						<line number="87" hits="1" branch="false"/>
						<line number="91" hits="3" branch="false"/>
						<line number="92" hits="3" branch="true" condition-coverage="100% (2/2)">
							<conditions>
								<condition number="0" type="jump" coverage="100%"/>
							</conditions>
						</line>
						<line number="94" hits="1" branch="false"/>
						<line number="95" hits="1" branch="false"/>
						<line number="96" hits="2" branch="true" condition-coverage="100% (2/2)">
							<conditions>
								<condition number="0" type="jump" coverage="100%"/>
							</conditions>
						</line>
						<line number="98" hits="1" branch="false"/>
						<line number="99" hits="1" branch="false"/>
						<line number="102" hits="1" branch="false"/>
						<line number="103" hits="1" branch="false"/>
						<line number="109" hits="1" branch="false"/>
						<line number="110" hits="1" branch="false"/>
						<line number="111" hits="1" branch="false"/>
						<line number="116" hits="2" branch="true" condition-coverage="100% (2/2)">
							<conditions>
								<condition number="0" type="jump" coverage="100%"/>
							</conditions>
						</line>
						<line number="117" hits="1" branch="false"/>
						<line number="119" hits="1" branch="false"/>
						<line number="120" hits="1" branch="false"/>
						<line number="121" hits="1" branch="false"/>
						<line number="133" hits="1" branch="false"/>
						<line number="134" hits="1" branch="false"/>
						<line number="135" hits="1" branch="false"/>
					</lines>
				</class>
				<class name="org.springframework.samples.petclinic.web.PetController" filename="org/springframework/samples/petclinic/web/PetController.java" line-rate="0.9" branch-rate="0.6" complexity="1.7777777777777777">
					<methods>
						<method name="&lt;init&gt;" signature="(Lorg/springframework/samples/petclinic/service/ClinicService;)V" line-rate="1.0" branch-rate="1.0" complexity="0">
							<lines>
								<line number="47" hits="2" branch="false"/>
								<line number="48" hits="2" branch="false"/>
								<line number="49" hits="2" branch="false"/>
							</lines>
						</method>
						<method name="findOwner" signature="(I)Lorg/springframework/samples/petclinic/model/Owner;" line-rate="1.0" branch-rate="1.0" complexity="0">
							<lines>
								<line number="58" hits="6" branch="false"/>
							</lines>
						</method>
						<method name="initCreationForm" signature="(Lorg/springframework/samples/petclinic/model/Owner;Lorg/springframework/ui/ModelMap;)Ljava/lang/String;" line-rate="1.0" branch-rate="1.0" complexity="0">
							<lines>
								<line number="73" hits="1" branch="false"/>
								<line number="74" hits="1" branch="false"/>
								<line number="75" hits="1" branch="false"/>
								<line number="76" hits="1" branch="false"/>
							</lines>
						</method>
						<method name="initOwnerBinder" signature="(Lorg/springframework/web/bind/WebDataBinder;)V" line-rate="1.0" branch-rate="1.0" complexity="0">
							<lines>
								<line number="63" hits="6" branch="false"/>
								<line number="64" hits="6" branch="false"/>
							</lines>
						</method>
						<method name="initPetBinder" signature="(Lorg/springframework/web/bind/WebDataBinder;)V" line-rate="1.0" branch-rate="1.0" complexity="0">
							<lines>
								<line number="68" hits="6" branch="false"/>
								<line number="69" hits="6" branch="false"/>
							</lines>
						</method>
						<method name="initUpdateForm" signature="(ILorg/springframework/ui/ModelMap;)Ljava/lang/String;" line-rate="1.0" branch-rate="1.0" complexity="0">
							<lines>
								<line number="96" hits="1" branch="false"/>
								<line number="97" hits="1" branch="false"/>
								<line number="98" hits="1" branch="false"/>
							</lines>
						</method>
						<method name="populatePetTypes" signature="()Ljava/util/Collection;" line-rate="1.0" branch-rate="1.0" complexity="0">
							<lines>
								<line number="53" hits="6" branch="false"/>
							</lines>
						</method>
						<method name="processCreationForm" signature="(Lorg/springframework/samples/petclinic/model/Owner;Lorg/springframework/samples/petclinic/model/Pet;Lorg/springframework/validation/BindingResult;Lorg/springframework/ui/ModelMap;)Ljava/lang/String;" line-rate="0.625" branch-rate="0.5" complexity="0">
							<lines>
								<line number="81" hits="1" branch="true" condition-coverage="50% (3/6)">
									<conditions>
										<condition number="0" type="jump" coverage="50%"/>
										<condition number="1" type="jump" coverage="50%"/>
										<condition number="2" type="jump" coverage="50%"/>
									</conditions>
								</line>
								<line number="82" hits="0" branch="false"/>
								<line number="84" hits="1" branch="true" condition-coverage="50% (1/2)">
									<conditions>
										<condition number="0" type="jump" coverage="50%"/>
									</conditions>
								</line>
								<line number="85" hits="0" branch="false"/>
								<line number="86" hits="0" branch="false"/>
								<line number="88" hits="1" branch="false"/>
								<line number="89" hits="1" branch="false"/>
								<line number="90" hits="1" branch="false"/>
							</lines>
						</method>
						<method name="processUpdateForm" signature="(Lorg/springframework/samples/petclinic/model/Pet;Lorg/springframework/validation/BindingResult;Lorg/springframework/samples/petclinic/model/Owner;Lorg/springframework/ui/ModelMap;)Ljava/lang/String;" line-rate="1.0" branch-rate="1.0" complexity="0">
							<lines>
								<line number="103" hits="3" branch="true" condition-coverage="100% (2/2)">
									<conditions>
										<condition number="0" type="jump" coverage="100%"/>
									</conditions>
								</line>
								<line number="104" hits="2" branch="false"/>
								<line number="105" hits="2" branch="false"/>
								<line number="107" hits="1" branch="false"/>
								<line number="108" hits="1" branch="false"/>
								<line number="109" hits="1" branch="false"/>
							</lines>
						</method>
					</methods>
					<lines>
						<line number="47" hits="2" branch="false"/>
						<line number="48" hits="2" branch="false"/>
						<line number="49" hits="2" branch="false"/>
						<line number="53" hits="6" branch="false"/>
						<line number="58" hits="6" branch="false"/>
						<line number="63" hits="6" branch="false"/>
						<line number="64" hits="6" branch="false"/>
						<line number="68" hits="6" branch="false"/>
						<line number="69" hits="6" branch="false"/>
						<line number="73" hits="1" branch="false"/>
						<line number="74" hits="1" branch="false"/>
						<line number="75" hits="1" branch="false"/>
						<line number="76" hits="1" branch="false"/>
						<line number="81" hits="1" branch="true" condition-coverage="50% (3/6)">
							<conditions>
								<condition number="0" type="jump" coverage="50%"/>
								<condition number="1" type="jump" coverage="50%"/>
								<condition number="2" type="jump" coverage="50%"/>
							</conditions>
						</line>
						<line number="82" hits="0" branch="false"/>
						<line number="84" hits="1" branch="true" condition-coverage="50% (1/2)">
							<conditions>
								<condition number="0" type="jump" coverage="50%"/>
							</conditions>
						</line>
						<line number="85" hits="0" branch="false"/>
						<line number="86" hits="0" branch="false"/>
						<line number="88" hits="1" branch="false"/>
						<line number="89" hits="1" branch="false"/>
						<line number="90" hits="1" branch="false"/>
						<line number="96" hits="1" branch="false"/>
						<line number="97" hits="1" branch="false"/>
						<line number="98" hits="1" branch="false"/>
						<line number="103" hits="3" branch="true" condition-coverage="100% (2/2)">
							<conditions>
								<condition number="0" type="jump" coverage="100%"/>
							</conditions>
						</line>
						<line number="104" hits="2" branch="false"/>
						<line number="105" hits="2" branch="false"/>
						<line number="107" hits="1" branch="false"/>
						<line number="108" hits="1" branch="false"/>
						<line number="109" hits="1" branch="false"/>
					</lines>
				</class>
				<class name="org.springframework.samples.petclinic.web.PetTypeFormatter" filename="org/springframework/samples/petclinic/web/PetTypeFormatter.java" line-rate="1.0" branch-rate="1.0" complexity="2.3333333333333335">
					<methods>
						<method name="&lt;init&gt;" signature="(Lorg/springframework/samples/petclinic/service/ClinicService;)V" line-rate="1.0" branch-rate="1.0" complexity="0">
							<lines>
								<line number="46" hits="5" branch="false"/>
								<line number="47" hits="5" branch="false"/>
								<line number="48" hits="5" branch="false"/>
							</lines>
						</method>
						<method name="parse" signature="(Ljava/lang/String;Ljava/util/Locale;)Ljava/lang/Object;" line-rate="1.0" branch-rate="1.0" complexity="0">
							<lines>
								<line number="40" hits="2" branch="false"/>
							</lines>
						</method>
						<method name="parse" signature="(Ljava/lang/String;Ljava/util/Locale;)Lorg/springframework/samples/petclinic/model/PetType;" line-rate="1.0" branch-rate="1.0" complexity="0">
							<lines>
								<line number="57" hits="4" branch="false"/>
								<line number="58" hits="4" branch="true" condition-coverage="100% (2/2)">
									<conditions>
										<condition number="0" type="jump" coverage="100%"/>
									</conditions>
								</line>
								<line number="59" hits="6" branch="true" condition-coverage="100% (2/2)">
									<conditions>
										<condition number="0" type="jump" coverage="100%"/>
									</conditions>
								</line>
								<line number="60" hits="3" branch="false"/>
								<line number="62" hits="3" branch="false"/>
								<line number="63" hits="1" branch="false"/>
							</lines>
						</method>
						<method name="print" signature="(Ljava/lang/Object;Ljava/util/Locale;)Ljava/lang/String;" line-rate="1.0" branch-rate="1.0" complexity="0">
							<lines>
							</lines>
						</method>
						<method name="print" signature="(Lorg/springframework/samples/petclinic/model/PetType;Ljava/util/Locale;)Ljava/lang/String;" line-rate="1.0" branch-rate="1.0" complexity="0">
							<lines>
								<line number="52" hits="1" branch="false"/>
							</lines>
						</method>
					</methods>
					<lines>
						<line number="40" hits="2" branch="false"/>
						<line number="46" hits="5" branch="false"/>
						<line number="47" hits="5" branch="false"/>
						<line number="48" hits="5" branch="false"/>
						<line number="52" hits="1" branch="false"/>
						<line number="57" hits="4" branch="false"/>
						<line number="58" hits="4" branch="true" condition-coverage="100% (2/2)">
							<conditions>
								<condition number="0" type="jump" coverage="100%"/>
							</conditions>
						</line>
						<line number="59" hits="6" branch="true" condition-coverage="100% (2/2)">
							<conditions>
								<condition number="0" type="jump" coverage="100%"/>
							</conditions>
						</line>
						<line number="60" hits="3" branch="false"/>
						<line number="62" hits="3" branch="false"/>
						<line number="63" hits="1" branch="false"/>
					</lines>
				</class>
				<class name="org.springframework.samples.petclinic.web.PetValidator" filename="org/springframework/samples/petclinic/web/PetValidator.java" line-rate="0.8181818181818182" branch-rate="0.625" complexity="3.0">
					<methods>
						<method name="&lt;init&gt;" signature="()V" line-rate="1.0" branch-rate="1.0" complexity="0">
							<lines>
								<line number="32" hits="6" branch="false"/>
							</lines>
						</method>
						<method name="supports" signature="(Ljava/lang/Class;)Z" line-rate="1.0" branch-rate="1.0" complexity="0">
							<lines>
								<line number="61" hits="6" branch="false"/>
							</lines>
						</method>
						<method name="validate" signature="(Ljava/lang/Object;Lorg/springframework/validation/Errors;)V" line-rate="0.7777777777777778" branch-rate="0.625" complexity="0">
							<lines>
								<line number="38" hits="4" branch="false"/>
								<line number="39" hits="4" branch="false"/>
								<line number="41" hits="4" branch="true" condition-coverage="50% (1/2)">
									<conditions>
										<condition number="0" type="jump" coverage="50%"/>
									</conditions>
								</line>
								<line number="42" hits="0" branch="false"/>
								<line number="46" hits="4" branch="true" condition-coverage="75% (3/4)">
									<conditions>
										<condition number="0" type="jump" coverage="50%"/>
										<condition number="1" type="jump" coverage="100%"/>
									</conditions>
								</line>
								<line number="47" hits="2" branch="false"/>
								<line number="51" hits="4" branch="true" condition-coverage="50% (1/2)">
									<conditions>
										<condition number="0" type="jump" coverage="50%"/>
									</conditions>
								</line>
								<line number="52" hits="0" branch="false"/>
								<line number="54" hits="4" branch="false"/>
							</lines>
						</method>
					</methods>
					<lines>
						<line number="32" hits="6" branch="false"/>
						<line number="38" hits="4" branch="false"/>
						<line number="39" hits="4" branch="false"/>
						<line number="41" hits="4" branch="true" condition-coverage="50% (1/2)">
							<conditions>
								<condition number="0" type="jump" coverage="50%"/>
							</conditions>
						</line>
						<line number="42" hits="0" branch="false"/>
						<line number="46" hits="4" branch="true" condition-coverage="75% (3/4)">
							<conditions>
								<condition number="0" type="jump" coverage="50%"/>
								<condition number="1" type="jump" coverage="100%"/>
							</conditions>
						</line>
						<line number="47" hits="2" branch="false"/>
						<line number="51" hits="4" branch="true" condition-coverage="50% (1/2)">
							<conditions>
								<condition number="0" type="jump" coverage="50%"/>
							</conditions>
						</line>
						<line number="52" hits="0" branch="false"/>
						<line number="54" hits="4" branch="false"/>
						<line number="61" hits="6" branch="false"/>
					</lines>
				</class>
				<class name="org.springframework.samples.petclinic.web.VetController" filename="org/springframework/samples/petclinic/web/VetController.java" line-rate="1.0" branch-rate="1.0" complexity="1.0">
					<methods>
						<method name="&lt;init&gt;" signature="(Lorg/springframework/samples/petclinic/service/ClinicService;)V" line-rate="1.0" branch-rate="1.0" complexity="0">
							<lines>
								<line number="40" hits="2" branch="false"/>
								<line number="41" hits="2" branch="false"/>
								<line number="42" hits="2" branch="false"/>
							</lines>
						</method>
						<method name="showResourcesVetList" signature="()Lorg/springframework/samples/petclinic/model/Vets;" line-rate="1.0" branch-rate="1.0" complexity="0">
							<lines>
								<line number="60" hits="2" branch="false"/>
								<line number="61" hits="2" branch="false"/>
								<line number="62" hits="2" branch="false"/>
							</lines>
						</method>
						<method name="showVetList" signature="(Ljava/util/Map;)Ljava/lang/String;" line-rate="1.0" branch-rate="1.0" complexity="0">
							<lines>
								<line number="48" hits="1" branch="false"/>
								<line number="49" hits="1" branch="false"/>
								<line number="50" hits="1" branch="false"/>
								<line number="51" hits="1" branch="false"/>
							</lines>
						</method>
					</methods>
					<lines>
						<line number="40" hits="2" branch="false"/>
						<line number="41" hits="2" branch="false"/>
						<line number="42" hits="2" branch="false"/>
						<line number="48" hits="1" branch="false"/>
						<line number="49" hits="1" branch="false"/>
						<line number="50" hits="1" branch="false"/>
						<line number="51" hits="1" branch="false"/>
						<line number="60" hits="2" branch="false"/>
						<line number="61" hits="2" branch="false"/>
						<line number="62" hits="2" branch="false"/>
					</lines>
				</class>
				<class name="org.springframework.samples.petclinic.web.VisitController" filename="org/springframework/samples/petclinic/web/VisitController.java" line-rate="1.0" branch-rate="1.0" complexity="1.3333333333333333">
					<methods>
						<method name="&lt;init&gt;" signature="(Lorg/springframework/samples/petclinic/service/ClinicService;)V" line-rate="1.0" branch-rate="1.0" complexity="0">
							<lines>
								<line number="48" hits="2" branch="false"/>
								<line number="49" hits="2" branch="false"/>
								<line number="50" hits="2" branch="false"/>
							</lines>
						</method>
						<method name="initNewVisitForm" signature="(ILjava/util/Map;)Ljava/lang/String;" line-rate="1.0" branch-rate="1.0" complexity="0">
							<lines>
								<line number="78" hits="1" branch="false"/>
							</lines>
						</method>
						<method name="loadPetWithVisit" signature="(I)Lorg/springframework/samples/petclinic/model/Visit;" line-rate="1.0" branch-rate="1.0" complexity="0">
							<lines>
								<line number="69" hits="4" branch="false"/>
								<line number="70" hits="4" branch="false"/>
								<line number="71" hits="4" branch="false"/>
								<line number="72" hits="4" branch="false"/>
							</lines>
						</method>
						<method name="processNewVisitForm" signature="(Lorg/springframework/samples/petclinic/model/Visit;Lorg/springframework/validation/BindingResult;)Ljava/lang/String;" line-rate="1.0" branch-rate="1.0" complexity="0">
							<lines>
								<line number="84" hits="2" branch="true" condition-coverage="100% (2/2)">
									<conditions>
										<condition number="0" type="jump" coverage="100%"/>
									</conditions>
								</line>
								<line number="85" hits="1" branch="false"/>
								<line number="87" hits="1" branch="false"/>
								<line number="88" hits="1" branch="false"/>
							</lines>
						</method>
						<method name="setAllowedFields" signature="(Lorg/springframework/web/bind/WebDataBinder;)V" line-rate="1.0" branch-rate="1.0" complexity="0">
							<lines>
								<line number="54" hits="10" branch="false"/>
								<line number="55" hits="10" branch="false"/>
							</lines>
						</method>
						<method name="showVisits" signature="(ILjava/util/Map;)Ljava/lang/String;" line-rate="1.0" branch-rate="1.0" complexity="0">
							<lines>
								<line number="94" hits="1" branch="false"/>
								<line number="95" hits="1" branch="false"/>
							</lines>
						</method>
					</methods>
					<lines>
						<line number="48" hits="2" branch="false"/>
						<line number="49" hits="2" branch="false"/>
						<line number="50" hits="2" branch="false"/>
						<line number="54" hits="10" branch="false"/>
						<line number="55" hits="10" branch="false"/>
						<line number="69" hits="4" branch="false"/>
						<line number="70" hits="4" branch="false"/>
						<line number="71" hits="4" branch="false"/>
						<line number="72" hits="4" branch="false"/>
						<line number="78" hits="1" branch="false"/>
						<line number="84" hits="2" branch="true" condition-coverage="100% (2/2)">
							<conditions>
								<condition number="0" type="jump" coverage="100%"/>
							</conditions>
						</line>
						<line number="85" hits="1" branch="false"/>
						<line number="87" hits="1" branch="false"/>
						<line number="88" hits="1" branch="false"/>
						<line number="94" hits="1" branch="false"/>
						<line number="95" hits="1" branch="false"/>
					</lines>
				</class>
			</classes>
		</package>
	</packages>
</coverage>
