<?xml version="1.0" encoding="UTF-8" ?>
<testsuite tests="4" failures="0" name="org.springframework.samples.petclinic.web.VisitControllerTests" time="0.144" errors="0" skipped="0">
  <properties>
[...]
</properties>
  <testcase classname="org.springframework.samples.petclinic.web.VisitControllerTests" name="testProcessNewVisitFormHasErrors" time="0.049"/>
  <testcase classname="org.springframework.samples.petclinic.web.VisitControllerTests" name="testProcessNewVisitFormSuccess" time="0.035"/>
  <testcase classname="org.springframework.samples.petclinic.web.VisitControllerTests" name="testShowVisits" time="0.031"/>
  <testcase classname="org.springframework.samples.petclinic.web.VisitControllerTests" name="testInitNewVisitForm" time="0.029"/>
</testsuite>